<?xml version="1.0" encoding="UTF-8"?>
<!-- Generated by org.testng.reporters.JUnitReportReporter -->
<testsuite hostname="HYDSTPPER737458" name="Practice.AppiumFramework.AppiumSecondProject" tests="1" failures="0" timestamp="10 Aug 2020 19:22:55 GMT" time="23.262" errors="0">
  <testcase name="SecondTest" time="23.262" classname="Practice.AppiumFramework.AppiumSecondProject"/>
</testsuite> <!-- Practice.AppiumFramework.AppiumSecondProject -->
